ISim log file
Running: F:\cpu5\tb_isim_beh.exe -intstyle ise -gui -tclbatch isim.cmd -wdb F:/CPU5/tb_isim_beh.wdb 
ISim P.20131013 (signature 0x7708f090)
This is a Full version of ISim.
Time resolution is 1 ps
# onerror resume
# wave add /
# run 1000 ns
Simulator is doing circuit initialization process.
Finished circuit initialization process.
                 150@00003010: $ 9 <= 11110000
ISim P.20131013 (signature 0x7708f090)
This is a Full version of ISim.
# run 1000 ns
Simulator is doing circuit initialization process.
Finished circuit initialization process.
                 150@00003010: $ 9 <= 11110000
ISim P.20131013 (signature 0x7708f090)
This is a Full version of ISim.
# run 1000 ns
Simulator is doing circuit initialization process.
Finished circuit initialization process.
                  90@00003000: $ 1 <= 00000000
                 190@00003010: $ 9 <= 11110000
ISim P.20131013 (signature 0x7708f090)
This is a Full version of ISim.
# run 1000 ns
Simulator is doing circuit initialization process.
Finished circuit initialization process.
                  90@00003000: $ 1 <= 00000000
                 110@00003004: $ 1 <= 11110000
                 170@00003010: $ 9 <= 00110000
                 190@00003014: $ 9 <= 11110000
ISim P.20131013 (signature 0x7708f090)
This is a Full version of ISim.
# run 1000 ns
Simulator is doing circuit initialization process.
Finished circuit initialization process.
                  90@00003000: $ 1 <= 00000000
                 110@00003004: $ 1 <= 11110000
                 170@00003010: $ 9 <= 00110000
                 190@00003014: $ 9 <= 11110000
