Running: G:\ISE\14.7\ISE_DS\ISE\bin\nt64\unwrapped\fuse.exe -intstyle ise -incremental -lib unisims_ver -lib unimacro_ver -lib xilinxcorelib_ver -lib secureip -o G:/cpu/p88/testbench_miniuart_isim_beh.exe -prj G:/cpu/p88/testbench_miniuart_beh.prj work.testbench_miniuart work.glbl 
ISim P.20131013 (signature 0x7708f090)
Number of CPUs detected in this system: 12
Turning on mult-threading, number of parallel sub-compilation jobs: 24 
Determining compilation order of HDL files
Analyzing Verilog file "G:/cpu/p88/MiniUART_src/src/utils.v" into library work
Analyzing Verilog file "G:/cpu/p88/MiniUART_src/src/txd.v" into library work
Analyzing Verilog file "G:/cpu/p88/MiniUART_src/src/rxd.v" into library work
Analyzing Verilog file "G:/cpu/p88/MiniUART_src/src/uart.v" into library work
Analyzing Verilog file "G:/cpu/p88/MiniUART_src/src/testbench.v" into library work
Analyzing Verilog file "G:/ISE/14.7/ISE_DS/ISE//verilog/src/glbl.v" into library work
Starting static elaboration
WARNING:HDLCompiler:1016 - "G:/cpu/p88/MiniUART_src/src/testbench.v" Line 18: Port IRQ is not connected to this instance
WARNING:HDLCompiler:189 - "G:/cpu/p88/MiniUART_src/src/testbench.v" Line 18: Size mismatch in connection of port <ADD_I>. Formal port size is 4-bit while actual signal size is 3-bit.
Completed static elaboration
Compiling module rx_unit
Compiling module ctrl_shift
Compiling module trans_reg
Compiling module tx_unit
Compiling module counter(size_cnt=16)
Compiling module divisor(size_cnt_rx=16,size_cnt_...
Compiling module MiniUART
Compiling module testbench_miniuart
Compiling module glbl
Time Resolution for simulation is 1ps.
Waiting for 1 sub-compilation(s) to finish...
WARNING:Simulator - Unable to copy libPortabilityNOSH.dll to the simulation executable directory: boost::filesystem::copy_file: 系统找不到指定的路径。, "isim\testbench_miniuart_isim_beh.exe.sim\libPortability.dll".
Compiled 9 Verilog Units
Built simulation executable G:/cpu/p88/testbench_miniuart_isim_beh.exe
Fuse Memory Usage: 28680 KB
Fuse CPU Usage: 343 ms
