Running: G:\ISE\14.7\ISE_DS\ISE\bin\nt64\unwrapped\fuse.exe -intstyle ise -incremental -lib unisims_ver -lib unimacro_ver -lib xilinxcorelib_ver -o G:/cpu/test/tb_isim_beh.exe -prj G:/cpu/test/tb_beh.prj work.tb work.glbl 
ISim P.20131013 (signature 0x7708f090)
Number of CPUs detected in this system: 12
Turning on mult-threading, number of parallel sub-compilation jobs: 24 
Determining compilation order of HDL files
Analyzing Verilog file "G:/cpu/test/WReg.v" into library work
Analyzing Verilog file "G:/cpu/test/opt.v" into library work
Analyzing Verilog file "G:/cpu/test/mux328.v" into library work
Analyzing Verilog file "G:/cpu/test/mux324.v" into library work
Analyzing Verilog file "G:/cpu/test/MReg.v" into library work
Analyzing Verilog file "G:/cpu/test/IM.v" into library work
Analyzing Verilog file "G:/cpu/test/GRF.v" into library work
Analyzing Verilog file "G:/cpu/test/GetNpc.v" into library work
Analyzing Verilog file "G:/cpu/test/Forward_unit_3.v" into library work
Analyzing Verilog file "G:/cpu/test/Forward_unit_2.v" into library work
Analyzing Verilog file "G:/cpu/test/Forward_unit_1.v" into library work
Analyzing Verilog file "G:/cpu/test/EXT.v" into library work
Analyzing Verilog file "G:/cpu/test/EReg.v" into library work
Analyzing Verilog file "G:/cpu/test/DReg.v" into library work
Analyzing Verilog file "G:/cpu/test/dm.v" into library work
Analyzing Verilog file "G:/cpu/test/control.v" into library work
Analyzing Verilog file "G:/cpu/test/ALU_2.v" into library work
Analyzing Verilog file "G:/cpu/test/ALU.v" into library work
Analyzing Verilog file "G:/cpu/test/mips.v" into library work
Analyzing Verilog file "G:/cpu/test/tb.v" into library work
Analyzing Verilog file "G:/ISE/14.7/ISE_DS/ISE//verilog/src/glbl.v" into library work
Starting static elaboration
WARNING:HDLCompiler:1016 - "G:/cpu/test/mips.v" Line 126: Port f is not connected to this instance
WARNING:HDLCompiler:1016 - "G:/cpu/test/mips.v" Line 127: Port f is not connected to this instance
WARNING:HDLCompiler:1016 - "G:/cpu/test/mips.v" Line 145: Port d is not connected to this instance
WARNING:HDLCompiler:1016 - "G:/cpu/test/mips.v" Line 146: Port d is not connected to this instance
WARNING:HDLCompiler:1016 - "G:/cpu/test/mips.v" Line 158: Port c is not connected to this instance
Completed static elaboration
Compiling module mux324
Compiling module GetNpc
Compiling module IM
Compiling module DReg
Compiling module Control
Compiling module GRF
Compiling module mux328
Compiling module EXT
Compiling module EReg
Compiling module ALU_2
Compiling module ALU
Compiling module MReg
Compiling module DM
Compiling module WReg
Compiling module opt
Compiling module Forward_unit_1
Compiling module Forward_unit_2
Compiling module Forward_unit_3
Compiling module mips
Compiling module tb
Compiling module glbl
Time Resolution for simulation is 1ps.
Waiting for 1 sub-compilation(s) to finish...
WARNING:Simulator - Unable to copy libPortabilityNOSH.dll to the simulation executable directory: boost::filesystem::copy_file: 系统找不到指定的路径。, "isim\tb_isim_beh.exe.sim\libPortability.dll".
Compiled 21 Verilog Units
Built simulation executable G:/cpu/test/tb_isim_beh.exe
Fuse Memory Usage: 35072 KB
Fuse CPU Usage: 530 ms
