ISim log file
Running: G:\cpu\p8_4\mips_test_isim_beh.exe -intstyle ise -gui -tclbatch isim.cmd -wdb G:/cpu/p8_4/mips_test_isim_beh.wdb 
ISim P.20131013 (signature 0x7708f090)
This is a Full version of ISim.
Time resolution is 1 ps
# onerror resume
# wave add /
# run 1000 ns
Simulator is doing circuit initialization process.
 Block Memory Generator CORE Generator module loading initial data...
 Block Memory Generator data initialization complete.
Block Memory Generator CORE Generator module mips_test.uut.cpu1.IM1.IP_IM.inst.\native_mem_module.blk_mem_gen_v7_3_inst  is using a behavioral model for simulation which will not precisely model memory collision behavior.
Block Memory Generator CORE Generator module mips_test.uut.cpu1.DM1.IP_DM.inst.\native_mem_module.blk_mem_gen_v7_3_inst  is using a behavioral model for simulation which will not precisely model memory collision behavior.
Finished circuit initialization process.
                 622@00003000: $16 <= 0000fc01
                 632@00003008: $27 <= 00000000
                 637@0000300c: $28 <= 00000000
                 642@00003010: $29 <= 00000000
                 647@00003014: $30 <= 00000000
                 652@00003018: $31 <= 00000000
                 657@0000301c: $10 <= ffff0000
                 662@00003020: $10 <= ffffffff
                 667@00003024: $28 <= 00000004
                 672@00003028: $29 <= 00000004
# run 1.00us
                1637@00004188: $26 <= 00003034
                1667@00003034: $27 <= 00000001
                1672@00003038: $15 <= 00000000
                1677@0000303c: $15 <= 00002a71
                1682@00003040: $24 <= 00000000
                1687@00003044: $24 <= 00005d3b
                1692@00003048: $23 <= 00000000
                1697@0000304c: $23 <= 00004133
                1702@00003050: $24 <= 00000000
                1707@00003054: $24 <= 0000399d
                1712@00003058: $23 <= fffff0d4
                1717@0000305c: $ 3 <= 00003094
00000004 <= 00003094
                1727@00003064: $29 <= 00000008
                1737@0000306c: $30 <= 00000010
                1742@00003070: $15 <= ffff0000
                1747@00003074: $15 <= ffff899e
                1752@00003078: $24 <= ffff0000
                1757@0000307c: $24 <= ffffb188
                1762@00003080: $23 <= 00000000
                1767@00003084: $23 <= 000063a3
                1772@00003088: $24 <= 00000000
                1777@0000308c: $24 <= 000059af
                1782@00003090: $23 <= ffff2fef
                1792@00003098: $ 3 <= 000009af
00000008 <= 000009af
                1802@000030a0: $29 <= 0000000c
                1817@000030ac: $15 <= ffff0000
                1822@000030b0: $15 <= ffff8fc6
                1827@000030b4: $24 <= ffff0000
                1832@000030b8: $24 <= ffffa538
                1837@000030bc: $23 <= 00000000
                1842@000030c0: $23 <= 00002d83
                1847@000030c4: $24 <= 00000000
                1852@000030c8: $24 <= 0000224b
                1857@000030cc: $23 <= ffff6d7b
                1867@000030d4: $30 <= 00000036
                1872@000030d8: $ 3 <= 0000204b
0000000c <= 0000204b
                1882@000030e0: $29 <= 00000010
                1892@000030e8: $30 <= 00000030
                1897@000030ec: $16 <= 00000000
                1902@000030f0: $16 <= 00003442
                1907@000030f4: $25 <= 00000000
                1912@000030f8: $25 <= 00000434
                1927@00003104: $25 <= 00000000
                1932@00003108: $25 <= 00001d13
                1942@00003110: $17 <= 00000000
00000010 <= 00000000
                1952@00003118: $29 <= 00000014
                1967@00003124: $16 <= 00000000
                1972@00003128: $16 <= 00001c52
                1977@0000312c: $25 <= ffff0000
                1982@00003130: $25 <= ffffe91b
                1997@0000313c: $25 <= ffff0000
# run 1.00us
                2002@00003140: $25 <= ffff8ccf
                2012@00003148: $30 <= 0000002b
                2017@0000314c: $17 <= 00000000
00000014 <= 00000000
                2027@00003154: $29 <= 00000018
                2042@00003160: $16 <= 00000000
                2047@00003164: $16 <= 00002fe7
                2052@00003168: $25 <= ffff0000
                2057@0000316c: $25 <= ffffc791
                2072@00003178: $25 <= ffff0000
                2077@0000317c: $25 <= fffff242
                2092@00003188: $30 <= 0000005f
                2097@0000318c: $17 <= 00000000
00000018 <= 00000000
                2107@00003194: $29 <= 0000001c
                2122@000031a0: $ 2 <= 00000000
                2127@000031a4: $ 2 <= 0000760f
                2132@000031a8: $22 <= ffff0000
                2137@000031ac: $22 <= ffffb990
                2142@000031b0: $15 <= ffff0000
                2147@000031b4: $15 <= ffff9524
                2152@000031b8: $22 <= ffff0000
                2157@000031bc: $22 <= ffffd79b
                2162@000031c0: $ 1 <= 00009e74
                2167@000031c4: $16 <= ffff9500
0000001c <= 00009e74
                2177@000031cc: $29 <= 00000020
00000020 <= ffff9500
                2187@000031d4: $29 <= 00000024
                2197@000031dc: $30 <= 00000020
                2202@000031e0: $ 2 <= ffff0000
                2207@000031e4: $ 2 <= ffffd18e
                2212@000031e8: $22 <= 00000000
                2217@000031ec: $22 <= 00003e24
                2222@000031f0: $15 <= 00000000
                2227@000031f4: $15 <= 00002357
                2232@000031f8: $22 <= 00000000
                2237@000031fc: $22 <= 000064d4
                2242@00003200: $ 1 <= ffff6cba
                2247@00003204: $30 <= 00000060
                2252@00003208: $16 <= 00002054
00000024 <= ffff6cba
                2262@00003210: $29 <= 00000028
00000028 <= 00002054
                2272@00003218: $29 <= 0000002c
                2282@00003220: $30 <= 00000020
                2287@00003224: $ 2 <= 00000000
                2292@00003228: $ 2 <= 00000376
                2297@0000322c: $22 <= ffff0000
                2302@00003230: $22 <= fffff1e1
                2307@00003234: $15 <= ffff0000
                2312@00003238: $15 <= ffff996c
                2317@0000323c: $22 <= 00000000
                2322@00003240: $22 <= 0000141b
                2327@00003244: $ 1 <= ffffef5b
                2332@00003248: $30 <= 00000042
                2337@0000324c: $30 <= 00000005
                2342@00003250: $16 <= 00001008
0000002c <= 00001008
                2352@00003258: $29 <= 00000030
                2367@00003264: $ 8 <= ffff0000
                2372@00003268: $ 8 <= ffff82fe
                2377@0000326c: $24 <= 00000000
                2382@00003270: $24 <= 0000289a
                2387@00003274: $26 <= ffff0000
                2392@00003278: $26 <= ffff9514
                2397@0000327c: $24 <= ffff0000
                2402@00003280: $24 <= ffffc9ff
                2412@00003288: $17 <= ffff8114
00000030 <= ffff8114
                2422@00003290: $29 <= 00000034
                2432@00003298: $30 <= 00000033
                2437@0000329c: $ 8 <= ffff0000
                2442@000032a0: $ 8 <= ffff90cc
                2447@000032a4: $24 <= 00000000
                2452@000032a8: $24 <= 00004762
                2457@000032ac: $26 <= ffff0000
                2462@000032b0: $26 <= ffffd01e
                2467@000032b4: $24 <= 00000000
                2472@000032b8: $24 <= 00005863
                2487@000032c4: $17 <= 00005002
00000034 <= 00005002
                2497@000032cc: $29 <= 00000038
                2507@000032d4: $30 <= 0000001b
                2512@000032d8: $ 8 <= ffff0000
                2517@000032dc: $ 8 <= ffffb249
                2522@000032e0: $24 <= 00000000
                2527@000032e4: $24 <= 00005a40
                2532@000032e8: $26 <= ffff0000
                2537@000032ec: $26 <= ffffee3c
                2542@000032f0: $24 <= 00000000
                2547@000032f4: $24 <= 0000368a
                2557@000032fc: $30 <= 0000004f
                2562@00003300: $30 <= 00000057
                2567@00003304: $17 <= 00002608
00000038 <= 00002608
                2577@0000330c: $29 <= 0000003c
                2587@00003314: $30 <= 00000050
                2592@00003318: $ 4 <= ffff0000
                2597@0000331c: $ 4 <= ffff9090
                2602@00003320: $ 8 <= ffff0000
                2607@00003324: $ 8 <= ffffa425
                2612@00003328: $23 <= ffff0000
                2617@0000332c: $23 <= ffffe248
                2622@00003330: $ 8 <= ffff0000
                2627@00003334: $ 8 <= ffffb211
                2632@00003338: $23 <= ffffde7f
                2637@0000333c: $21 <= ffff9211
0000003c <= ffff9211
                2647@00003344: $29 <= 00000040
                2657@0000334c: $30 <= 0000003e
                2662@00003350: $ 4 <= ffff0000
                2667@00003354: $ 4 <= ffff91aa
                2672@00003358: $ 8 <= ffff0000
                2677@0000335c: $ 8 <= ffffdd0f
                2682@00003360: $23 <= 00000000
                2687@00003364: $23 <= 00006065
                2692@00003368: $ 8 <= ffff0000
                2697@0000336c: $ 8 <= ffffcf41
                2702@00003370: $23 <= ffffc269
                2707@00003374: $30 <= 00000063
                2712@00003378: $21 <= ffffc241
00000040 <= ffffc241
                2722@00003380: $29 <= 00000044
                2737@0000338c: $ 4 <= ffff0000
                2742@00003390: $ 4 <= ffffde03
                2747@00003394: $ 8 <= ffff0000
                2752@00003398: $ 8 <= ffffb1d8
                2757@0000339c: $23 <= 00000000
                2762@000033a0: $23 <= 00006719
                2767@000033a4: $ 8 <= 00000000
                2772@000033a8: $ 8 <= 0000111d
                2777@000033ac: $23 <= ffffcce6
                2782@000033b0: $30 <= 00000034
                2787@000033b4: $30 <= 0000005e
                2792@000033b8: $21 <= 00000004
00000044 <= 00000004
                2802@000033c0: $29 <= 00000048
                2817@000033cc: $16 <= ffff0000
                2822@000033d0: $16 <= ffffe3a9
                2827@000033d4: $12 <= ffff0000
                2832@000033d8: $12 <= ffffa026
                2847@000033e4: $12 <= 00000000
                2852@000033e8: $12 <= 00000f4e
                2862@000033f0: $11 <= 00000000
00000048 <= 00000000
                2872@000033f8: $29 <= 0000004c
                2887@00003404: $16 <= 00000000
                2892@00003408: $16 <= 00004d6f
                2897@0000340c: $12 <= 00000000
                2902@00003410: $12 <= 000014ec
                2917@0000341c: $12 <= 00000000
                2922@00003420: $12 <= 00002bc8
                2937@0000342c: $11 <= 00000000
0000004c <= 00000000
                2947@00003434: $29 <= 00000050
                2957@0000343c: $30 <= 00000033
                2962@00003440: $16 <= ffff0000
                2967@00003444: $16 <= ffffa91c
                2972@00003448: $12 <= 00000000
                2977@0000344c: $12 <= 000006b3
                2992@00003458: $12 <= ffff0000
                2997@0000345c: $12 <= ffffd604
# run 1.00us
                3007@00003464: $30 <= 0000001d
                3012@00003468: $30 <= 00000034
                3017@0000346c: $11 <= 00000000
00000050 <= 00000000
                3027@00003474: $29 <= 00000054
00000000 <= ffffffff
                3647@00004194: $ 1 <= 00000001
                3667@000041a0: $26 <= 00003484
                3697@00003484: $27 <= 00000002
                3702@00003488: $15 <= 00000000
                3707@0000348c: $15 <= 0000006c
                3712@00003490: $ 6 <= 00000000
                3717@00003494: $ 6 <= 00001377
                3722@00003498: $ 6 <= ffff0000
                3727@0000349c: $ 6 <= ffff96b1
                3732@000034a0: $21 <= 0000388f
                3737@000034a4: $21 <= 00000000
                3742@000034a8: $21 <= 0000388d
00000014 <= 000096b1
00000054 <= 0000388d
                3757@000034b4: $29 <= 00000058
                3772@000034c0: $15 <= 00000000
                3777@000034c4: $15 <= 000054a7
                3782@000034c8: $ 6 <= 00000000
                3787@000034cc: $ 6 <= 00002d48
                3792@000034d0: $ 6 <= ffff0000
                3797@000034d4: $ 6 <= ffffe7bc
                3802@000034d8: $21 <= 00007da0
                3807@000034dc: $21 <= ffff8260
                3812@000034e0: $21 <= 00000000
                3822@000034e8: $21 <= 00007da0
                3827@000034ec: $21 <= ffff8260
0000003c <= ffffe7bc
00000058 <= ffff8260
                3842@000034f8: $29 <= 0000005c
                3852@00003500: $30 <= 00000008
                3857@00003504: $15 <= 00000000
                3862@00003508: $15 <= 000060ed
                3867@0000350c: $ 6 <= ffff0000
                3872@00003510: $ 6 <= ffff8231
                3877@00003514: $ 6 <= ffff0000
                3882@00003518: $ 6 <= fffff76c
                3887@0000351c: $21 <= 000012c6
                3892@00003520: $21 <= 00000000
                3902@00003528: $30 <= 00000029
                3907@0000352c: $21 <= 000012c4
00000030 <= fffff76c
0000005c <= 000012c4
                3922@00003538: $29 <= 00000060
                3937@00003544: $17 <= ffff0000
                3942@00003548: $17 <= ffffe4de
                3947@0000354c: $ 5 <= ffff0000
                3952@00003550: $ 5 <= ffffbe09
00000004 <= 0000be09
00000060 <= 00000000
                3977@00003564: $29 <= 00000064
                3987@0000356c: $30 <= 00000036
                3992@00003570: $17 <= ffff0000
                3997@00003574: $17 <= ffff9632
# run 1.00us
                4002@00003578: $ 5 <= 00000000
                4007@0000357c: $ 5 <= 00005f63
                4017@00003584: $30 <= 00000005
00000004 <= 00005f63
00000064 <= 00000000
                4037@00003594: $29 <= 00000068
                4047@0000359c: $30 <= 0000003c
                4052@000035a0: $17 <= ffff0000
                4057@000035a4: $17 <= fffff8b5
                4062@000035a8: $ 5 <= ffff0000
                4067@000035ac: $ 5 <= ffffb71c
00000004 <= 0000b71c
00000068 <= 00000000
                4102@000035c8: $29 <= 0000006c
                4112@000035d0: $30 <= 0000003a
                4117@000035d4: $19 <= 00000000
                4122@000035d8: $19 <= 00004618
                4127@000035dc: $17 <= ffff0000
                4132@000035e0: $17 <= ffffa3c6
                4137@000035e4: $17 <= ffff0000
                4142@000035e8: $17 <= ffffc609
                4147@000035ec: $25 <= 000010cd
                4152@000035f0: $25 <= ffffef33
                4157@000035f4: $ 8 <= 00000000
00000018 <= 0000c609
0000006c <= 00000000
                4172@00003600: $29 <= 00000070
                4182@00003608: $30 <= 00000044
                4187@0000360c: $19 <= 00000000
                4192@00003610: $19 <= 00003281
                4197@00003614: $17 <= 00000000
                4202@00003618: $17 <= 000060c1
                4207@0000361c: $17 <= ffff0000
                4212@00003620: $17 <= ffffe8fb
                4217@00003624: $25 <= 00004745
                4222@00003628: $25 <= ffffb8bb
                4227@0000362c: $ 8 <= 00000000
                4232@00003630: $30 <= 0000001e
00000050 <= e8fb0000
00000070 <= 00000000
                4247@0000363c: $29 <= 00000074
                4257@00003644: $30 <= 00000053
                4262@00003648: $19 <= ffff0000
                4267@0000364c: $19 <= ffffd435
                4272@00003650: $17 <= 00000000
                4277@00003654: $17 <= 0000602b
                4282@00003658: $17 <= ffff0000
                4287@0000365c: $17 <= ffff808e
                4292@00003660: $25 <= 00000040
                4297@00003664: $25 <= ffffffc0
                4302@00003668: $ 8 <= 00000000
                4312@00003670: $30 <= 00000062
00000018 <= 808ec609
00000074 <= 00000000
                4327@0000367c: $29 <= 00000078
                4337@00003684: $30 <= 00000037
                4342@00003688: $11 <= ffff0000
                4347@0000368c: $11 <= ffffa547
                4352@00003690: $ 3 <= ffff0000
                4357@00003694: $ 3 <= ffffa579
                4362@00003698: $ 3 <= ffff0000
                4367@0000369c: $ 3 <= ffffc5d0
                4372@000036a0: $26 <= 00007eb7
0000002c <= c5d01008
00000078 <= 00000000
                4392@000036b0: $29 <= 0000007c
                4402@000036b8: $30 <= 0000003f
                4407@000036bc: $11 <= ffff0000
                4412@000036c0: $11 <= ffffd1d4
                4417@000036c4: $ 3 <= ffff0000
                4422@000036c8: $ 3 <= ffffeb76
                4427@000036cc: $ 3 <= ffff0000
                4432@000036d0: $ 3 <= ffffca97
                4437@000036d4: $26 <= 00001320
                4442@000036d8: $26 <= ffffece0
                4452@000036e0: $30 <= 00000057
00000018 <= ca97c609
0000007c <= 00000000
                4467@000036ec: $29 <= 00000080
                4482@000036f8: $11 <= 00000000
                4487@000036fc: $11 <= 00004996
                4492@00003700: $ 3 <= 00000000
                4497@00003704: $ 3 <= 0000175b
                4502@00003708: $ 3 <= 00000000
                4507@0000370c: $ 3 <= 00000ad4
                4512@00003710: $26 <= 0000622b
                4517@00003714: $26 <= ffff9dd5
                4527@0000371c: $30 <= 00000023
                4532@00003720: $30 <= 00000048
00000034 <= 00000ad4
00000080 <= 00000000
                4547@0000372c: $29 <= 00000084
                4557@00003734: $30 <= 0000002c
                4562@00003738: $ 6 <= ffff0000
                4567@0000373c: $ 6 <= ffffcf61
                4572@00003740: $24 <= 00000000
                4577@00003744: $24 <= 00004e49
                4582@00003748: $24 <= ffff0000
                4587@0000374c: $24 <= fffffe33
                4592@00003750: $ 5 <= 0000484d
                4597@00003754: $ 5 <= 00000001
                4602@00003758: $ 5 <= 0000484d
0000002c <= c5d0fe33
00000084 <= 0000484d
                4617@00003764: $29 <= 00000088
                4632@00003770: $ 6 <= ffff0000
                4637@00003774: $ 6 <= ffff8f9c
                4642@00003778: $24 <= 00000000
                4647@0000377c: $24 <= 00007cc9
                4652@00003780: $24 <= ffff0000
                4657@00003784: $24 <= fffff783
                4662@00003788: $ 5 <= 000001cc
                4667@0000378c: $ 5 <= 00000001
                4672@00003790: $30 <= 0000003d
                4677@00003794: $ 5 <= 000001cc
00000058 <= fffff783
00000088 <= 000001cc
                4692@000037a0: $29 <= 0000008c
                4702@000037a8: $30 <= 00000058
                4707@000037ac: $ 6 <= 00000000
                4712@000037b0: $ 6 <= 000019a1
                4717@000037b4: $24 <= 00000000
                4722@000037b8: $24 <= 00002c96
                4727@000037bc: $24 <= ffff0000
                4732@000037c0: $24 <= ffffe2ae
                4737@000037c4: $ 5 <= 00005706
                4742@000037c8: $ 5 <= ffffa8fa
                4747@000037cc: $ 5 <= 00000000
                4757@000037d4: $30 <= 00000036
                4762@000037d8: $ 5 <= 00005706
                4767@000037dc: $ 5 <= ffffa8fa
0000005c <= 0000e2ae
0000008c <= ffffa8fa
                4782@000037e8: $29 <= 00000090
                4792@000037f0: $30 <= 0000005b
                4797@000037f4: $21 <= 00000000
                4802@000037f8: $21 <= 00007148
                4807@000037fc: $22 <= 00000000
                4812@00003800: $22 <= 00002d5f
00000004 <= 00002d5f
00000090 <= 00000000
                4837@00003814: $29 <= 00000094
                4852@00003820: $21 <= ffff0000
                4857@00003824: $21 <= fffff195
                4862@00003828: $22 <= ffff0000
                4867@0000382c: $22 <= ffffb361
00000004 <= 0000b361
00000094 <= 00000000
                4897@00003844: $29 <= 00000098
                4912@00003850: $21 <= 00000000
                4917@00003854: $21 <= 000029c5
                4922@00003858: $22 <= 00000000
                4927@0000385c: $22 <= 00005793
                4942@00003868: $30 <= 00000027
00000004 <= 00005793
00000098 <= 00000000
                4962@00003878: $29 <= 0000009c
00000000 <= ffffffff
                4977@00003884: $30 <= 00000039
                4987@00003884: $30 <= 00000039
                4997@00003884: $30 <= 00000039
